action: GLOB, msg: packaging
cwd: /home/thejevans/git/mla
cmd: /home/thejevans/.local/share/virtualenvs/mla-0VuIRpn-/bin/python setup.py sdist --formats=zip --dist-dir .tox/dist
running sdist
running egg_info
writing mla_thejevans.egg-info/PKG-INFO
writing dependency_links to mla_thejevans.egg-info/dependency_links.txt
writing top-level names to mla_thejevans.egg-info/top_level.txt
reading manifest file 'mla_thejevans.egg-info/SOURCES.txt'
writing manifest file 'mla_thejevans.egg-info/SOURCES.txt'
running check
creating mla-thejevans-0.0.1
creating mla-thejevans-0.0.1/mla
creating mla-thejevans-0.0.1/mla_thejevans.egg-info
copying files to mla-thejevans-0.0.1...
copying README.md -> mla-thejevans-0.0.1
copying setup.py -> mla-thejevans-0.0.1
copying mla/__init__.py -> mla-thejevans-0.0.1/mla
copying mla/analysis.py -> mla-thejevans-0.0.1/mla
copying mla/injectors.py -> mla-thejevans-0.0.1/mla
copying mla/models.py -> mla-thejevans-0.0.1/mla
copying mla/spectral.py -> mla-thejevans-0.0.1/mla
copying mla/time_profiles.py -> mla-thejevans-0.0.1/mla
copying mla/tools.py -> mla-thejevans-0.0.1/mla
copying mla_thejevans.egg-info/PKG-INFO -> mla-thejevans-0.0.1/mla_thejevans.egg-info
copying mla_thejevans.egg-info/SOURCES.txt -> mla-thejevans-0.0.1/mla_thejevans.egg-info
copying mla_thejevans.egg-info/dependency_links.txt -> mla-thejevans-0.0.1/mla_thejevans.egg-info
copying mla_thejevans.egg-info/top_level.txt -> mla-thejevans-0.0.1/mla_thejevans.egg-info
Writing mla-thejevans-0.0.1/setup.cfg
creating '.tox/dist/mla-thejevans-0.0.1.zip' and adding 'mla-thejevans-0.0.1' to it
adding 'mla-thejevans-0.0.1'
adding 'mla-thejevans-0.0.1/mla_thejevans.egg-info'
adding 'mla-thejevans-0.0.1/mla'
adding 'mla-thejevans-0.0.1/PKG-INFO'
adding 'mla-thejevans-0.0.1/README.md'
adding 'mla-thejevans-0.0.1/setup.cfg'
adding 'mla-thejevans-0.0.1/setup.py'
adding 'mla-thejevans-0.0.1/mla_thejevans.egg-info/top_level.txt'
adding 'mla-thejevans-0.0.1/mla_thejevans.egg-info/PKG-INFO'
adding 'mla-thejevans-0.0.1/mla_thejevans.egg-info/SOURCES.txt'
adding 'mla-thejevans-0.0.1/mla_thejevans.egg-info/dependency_links.txt'
adding 'mla-thejevans-0.0.1/mla/models.py'
adding 'mla-thejevans-0.0.1/mla/tools.py'
adding 'mla-thejevans-0.0.1/mla/spectral.py'
adding 'mla-thejevans-0.0.1/mla/time_profiles.py'
adding 'mla-thejevans-0.0.1/mla/__init__.py'
adding 'mla-thejevans-0.0.1/mla/injectors.py'
adding 'mla-thejevans-0.0.1/mla/analysis.py'
removing 'mla-thejevans-0.0.1' (and everything under it)
